<?xml version="1.0" encoding="UTF-8"?>
<!-- Generated by org.testng.reporters.JUnitReportReporter -->
<testsuite hostname="Sakshams-MacBook-Pro.local" failures="0" tests="1" name="test_selenium.AppTest" time="3.355" errors="0" timestamp="2024-12-22T17:30:24 IST" skipped="0">
  <testcase classname="test_selenium.AppTest" name="test" time="3.355"/>
</testsuite> <!-- test_selenium.AppTest -->
